# JRE version: OpenJDK Runtime Environment Corretto-18.0.2.9.1 (18.0.2+9) (build 18.0.2+9-FR)
# Java VM: OpenJDK 64-Bit Server VM Corretto-18.0.2.9.1 (18.0.2+9-FR, mixed mode, emulated-client, sharing, tiered, compressed oops, compressed class ptrs, g1 gc, windows-amd64)
GC Precious Log:
 CardTable entry size: 512
 Card Set container configuration: InlinePtr #cards 5 size 8 Array Of Cards #cards 12 size 40 Howl #buckets 4 coarsen threshold 1843 Howl Bitmap #cards 512 size 80 coarsen threshold 460 Card regions per heap region 1 cards per card region 2048
 CPUs: 12 total, 12 available
 Memory: 7955M
 Large Page Support: Disabled
 NUMA Support: Disabled
 Compressed Oops: Enabled (32-bit)
 Heap Region Size: 1M
 Heap Min Capacity: 8M
 Heap Initial Capacity: 126M
 Heap Max Capacity: 1990M
 Pre-touch: Disabled
 Parallel Workers: 10
 Concurrent Workers: 3
 Concurrent Refinement Workers: 10
 Periodic GC: Disabled
Heap:
 garbage-first heap   total 95232K, used 45141K [0x0000000083a00000, 0x0000000100000000)
  region size 1024K, 14 young (14336K), 5 survivors (5120K)
 Metaspace       used 71909K, committed 72768K, reserved 1114112K
  class space    used 10063K, committed 10496K, reserved 1048576K
GC Heap History (20 events):
Event: 3.655 GC heap before
{Heap before GC invocations=11 (full 0):
 garbage-first heap   total 78848K, used 61750K [0x0000000083a00000, 0x0000000100000000)
  region size 1024K, 40 young (40960K), 1 survivors (1024K)
 Metaspace       used 42244K, committed 42816K, reserved 1114112K
  class space    used 5618K, committed 5888K, reserved 1048576K
}
Event: 3.658 GC heap after
{Heap after GC invocations=12 (full 0):
 garbage-first heap   total 78848K, used 23925K [0x0000000083a00000, 0x0000000100000000)
  region size 1024K, 3 young (3072K), 3 survivors (3072K)
 Metaspace       used 42244K, committed 42816K, reserved 1114112K
  class space    used 5618K, committed 5888K, reserved 1048576K
}
Event: 4.053 GC heap before
{Heap before GC invocations=12 (full 0):
 garbage-first heap   total 78848K, used 60789K [0x0000000083a00000, 0x0000000100000000)
  region size 1024K, 39 young (39936K), 3 survivors (3072K)
 Metaspace       used 49366K, committed 49920K, reserved 1114112K
  class space    used 6702K, committed 6976K, reserved 1048576K
}
Event: 4.056 GC heap after
{Heap after GC invocations=13 (full 0):
 garbage-first heap   total 78848K, used 25812K [0x0000000083a00000, 0x0000000100000000)
  region size 1024K, 5 young (5120K), 5 survivors (5120K)
 Metaspace       used 49366K, committed 49920K, reserved 1114112K
  class space    used 6702K, committed 6976K, reserved 1048576K
}
Event: 4.401 GC heap before
{Heap before GC invocations=13 (full 0):
 garbage-first heap   total 78848K, used 60628K [0x0000000083a00000, 0x0000000100000000)
  region size 1024K, 39 young (39936K), 5 survivors (5120K)
 Metaspace       used 54497K, committed 55104K, reserved 1114112K
  class space    used 7517K, committed 7808K, reserved 1048576K
}
Event: 4.405 GC heap after
{Heap after GC invocations=14 (full 0):
 garbage-first heap   total 78848K, used 26964K [0x0000000083a00000, 0x0000000100000000)
  region size 1024K, 4 young (4096K), 4 survivors (4096K)
 Metaspace       used 54497K, committed 55104K, reserved 1114112K
  class space    used 7517K, committed 7808K, reserved 1048576K
}
Event: 6.016 GC heap before
{Heap before GC invocations=14 (full 0):
 garbage-first heap   total 78848K, used 61780K [0x0000000083a00000, 0x0000000100000000)
  region size 1024K, 38 young (38912K), 4 survivors (4096K)
 Metaspace       used 59220K, committed 59904K, reserved 1114112K
  class space    used 8121K, committed 8448K, reserved 1048576K
}
Event: 6.019 GC heap after
{Heap after GC invocations=15 (full 0):
 garbage-first heap   total 78848K, used 29181K [0x0000000083a00000, 0x0000000100000000)
  region size 1024K, 4 young (4096K), 4 survivors (4096K)
 Metaspace       used 59220K, committed 59904K, reserved 1114112K
  class space    used 8121K, committed 8448K, reserved 1048576K
}
Event: 6.056 GC heap before
{Heap before GC invocations=15 (full 0):
 garbage-first heap   total 78848K, used 31229K [0x0000000083a00000, 0x0000000100000000)
  region size 1024K, 7 young (7168K), 4 survivors (4096K)
 Metaspace       used 59808K, committed 60416K, reserved 1114112K
  class space    used 8188K, committed 8512K, reserved 1048576K
}
Event: 6.058 GC heap after
{Heap after GC invocations=16 (full 0):
 garbage-first heap   total 78848K, used 29615K [0x0000000083a00000, 0x0000000100000000)
  region size 1024K, 3 young (3072K), 3 survivors (3072K)
 Metaspace       used 59808K, committed 60416K, reserved 1114112K
  class space    used 8188K, committed 8512K, reserved 1048576K
}
Event: 6.224 GC heap before
{Heap before GC invocations=17 (full 0):
 garbage-first heap   total 78848K, used 61359K [0x0000000083a00000, 0x0000000100000000)
  region size 1024K, 34 young (34816K), 3 survivors (3072K)
 Metaspace       used 60359K, committed 61056K, reserved 1114112K
  class space    used 8302K, committed 8640K, reserved 1048576K
}
Event: 6.227 GC heap after
{Heap after GC invocations=18 (full 0):
 garbage-first heap   total 78848K, used 30370K [0x0000000083a00000, 0x0000000100000000)
  region size 1024K, 4 young (4096K), 4 survivors (4096K)
 Metaspace       used 60359K, committed 61056K, reserved 1114112K
  class space    used 8302K, committed 8640K, reserved 1048576K
}
Event: 6.393 GC heap before
{Heap before GC invocations=18 (full 0):
 garbage-first heap   total 78848K, used 62114K [0x0000000083a00000, 0x0000000100000000)
  region size 1024K, 35 young (35840K), 4 survivors (4096K)
 Metaspace       used 63001K, committed 63680K, reserved 1114112K
  class space    used 8779K, committed 9088K, reserved 1048576K
}
Event: 6.396 GC heap after
{Heap after GC invocations=19 (full 0):
 garbage-first heap   total 78848K, used 31832K [0x0000000083a00000, 0x0000000100000000)
  region size 1024K, 3 young (3072K), 3 survivors (3072K)
 Metaspace       used 63001K, committed 63680K, reserved 1114112K
  class space    used 8779K, committed 9088K, reserved 1048576K
}
Event: 6.548 GC heap before
{Heap before GC invocations=19 (full 0):
 garbage-first heap   total 78848K, used 62552K [0x0000000083a00000, 0x0000000100000000)
  region size 1024K, 33 young (33792K), 3 survivors (3072K)
 Metaspace       used 63633K, committed 64256K, reserved 1114112K
  class space    used 8867K, committed 9152K, reserved 1048576K
}
Event: 6.551 GC heap after
{Heap after GC invocations=20 (full 0):
 garbage-first heap   total 95232K, used 32728K [0x0000000083a00000, 0x0000000100000000)
  region size 1024K, 4 young (4096K), 4 survivors (4096K)
 Metaspace       used 63633K, committed 64256K, reserved 1114112K
  class space    used 8867K, committed 9152K, reserved 1048576K
}
Event: 6.940 GC heap before
{Heap before GC invocations=20 (full 0):
 garbage-first heap   total 95232K, used 75736K [0x0000000083a00000, 0x0000000100000000)
  region size 1024K, 46 young (47104K), 4 survivors (4096K)
 Metaspace       used 66633K, committed 67328K, reserved 1114112K
  class space    used 9306K, committed 9600K, reserved 1048576K
}
Event: 6.945 GC heap after
{Heap after GC invocations=21 (full 0):
 garbage-first heap   total 95232K, used 34914K [0x0000000083a00000, 0x0000000100000000)
  region size 1024K, 5 young (5120K), 5 survivors (5120K)
 Metaspace       used 66633K, committed 67328K, reserved 1114112K
  class space    used 9306K, committed 9600K, reserved 1048576K
}
Event: 73.704 GC heap before
{Heap before GC invocations=21 (full 0):
 garbage-first heap   total 95232K, used 74850K [0x0000000083a00000, 0x0000000100000000)
  region size 1024K, 45 young (46080K), 5 survivors (5120K)
 Metaspace       used 70974K, committed 71744K, reserved 1114112K
  class space    used 9930K, committed 10304K, reserved 1048576K
}
Event: 73.713 GC heap after
{Heap after GC invocations=22 (full 0):
 garbage-first heap   total 95232K, used 36949K [0x0000000083a00000, 0x0000000100000000)
  region size 1024K, 5 young (5120K), 5 survivors (5120K)
 Metaspace       used 70974K, committed 71744K, reserved 1114112K
  class space    used 9930K, committed 10304K, reserved 1048576K
}

